############# Starting Epoch 0 | LR: 0.005 #############
loss: 0.39999953 | auc score: 0.9101: 100%|████████████████████████████████████████████████████████████████████████████████████████████████████████████████████████████████████████████████████████████████████████████████████████████████████████████████| 32/32 [00:42<00:00,  1.32s/it]
Saving best model...
epoch 0's auc score: 0.5560 | best auc score: 0.5560
############# Starting Epoch 1 | LR: 0.005 #############
loss: 0.32741153 | auc score: 0.9299: 100%|████████████████████████████████████████████████████████████████████████████████████████████████████████████████████████████████████████████████████████████████████████████████████████████████████████████████| 32/32 [00:07<00:00,  4.51it/s]
Saving best model...
epoch 1's auc score: 0.8315 | best auc score: 0.8315
############# Starting Epoch 2 | LR: 0.005 #############
loss: 0.30206895 | auc score: 0.9401: 100%|████████████████████████████████████████████████████████████████████████████████████████████████████████████████████████████████████████████████████████████████████████████████████████████████████████████████| 32/32 [00:06<00:00,  4.61it/s]
epoch 2's auc score: 0.8046 | best auc score: 0.8315
############# Starting Epoch 3 | LR: 0.005 #############
loss: 0.27991056 | auc score: 0.9505: 100%|████████████████████████████████████████████████████████████████████████████████████████████████████████████████████████████████████████████████████████████████████████████████████████████████████████████████| 32/32 [00:06<00:00,  4.67it/s]
epoch 3's auc score: 0.8002 | best auc score: 0.8315
############# Starting Epoch 4 | LR: 0.005 #############
loss: 0.24358533 | auc score: 0.9583: 100%|████████████████████████████████████████████████████████████████████████████████████████████████████████████████████████████████████████████████████████████████████████████████████████████████████████████████| 32/32 [00:07<00:00,  4.54it/s]
epoch 4's auc score: 0.7987 | best auc score: 0.8315
############# Starting Epoch 5 | LR: 0.005 #############
loss: 0.20891774 | auc score: 0.9748: 100%|████████████████████████████████████████████████████████████████████████████████████████████████████████████████████████████████████████████████████████████████████████████████████████████████████████████████| 32/32 [00:06<00:00,  4.62it/s]
epoch 5's auc score: 0.7782 | best auc score: 0.8315
############# Starting Epoch 6 | LR: 0.005 #############
loss: 0.10683188 | auc score: 0.9948: 100%|████████████████████████████████████████████████████████████████████████████████████████████████████████████████████████████████████████████████████████████████████████████████████████████████████████████████| 32/32 [00:06<00:00,  4.63it/s]
epoch 6's auc score: 0.7666 | best auc score: 0.8315
############# Starting Epoch 7 | LR: 0.005 #############
loss: 0.15409614 | auc score: 0.9826: 100%|████████████████████████████████████████████████████████████████████████████████████████████████████████████████████████████████████████████████████████████████████████████████████████████████████████████████| 32/32 [00:06<00:00,  4.67it/s]
epoch 7's auc score: 0.7758 | best auc score: 0.8315
############# Starting Epoch 8 | LR: 0.005 #############
loss: 0.10271204 | auc score: 0.9906: 100%|████████████████████████████████████████████████████████████████████████████████████████████████████████████████████████████████████████████████████████████████████████████████████████████████████████████████| 32/32 [00:06<00:00,  4.69it/s]
epoch 8's auc score: 0.7678 | best auc score: 0.8315
############# Starting Epoch 9 | LR: 0.005 #############
loss: 0.22914919 | auc score: 0.9678: 100%|████████████████████████████████████████████████████████████████████████████████████████████████████████████████████████████████████████████████████████████████████████████████████████████████████████████████| 32/32 [00:06<00:00,  4.63it/s]
epoch 9's auc score: 0.8058 | best auc score: 0.8315
loading previous best model...
epoch 10's auc score: 0.8315
############# Starting Epoch 10 | LR: 0.0005 #############
loss: 0.31376633 | auc score: 0.9485: 100%|████████████████████████████████████████████████████████████████████████████████████████████████████████████████████████████████████████████████████████████████████████████████████████████████████████████████| 32/32 [00:07<00:00,  4.53it/s]
Saving best model...
epoch 10's auc score: 0.8395 | best auc score: 0.8395
############# Starting Epoch 11 | LR: 0.0005 #############
loss: 0.25575471 | auc score: 0.9591: 100%|████████████████████████████████████████████████████████████████████████████████████████████████████████████████████████████████████████████████████████████████████████████████████████████████████████████████| 32/32 [00:06<00:00,  4.65it/s]
epoch 11's auc score: 0.8123 | best auc score: 0.8395
############# Starting Epoch 12 | LR: 0.0005 #############
loss: 0.20062102 | auc score: 0.9736: 100%|████████████████████████████████████████████████████████████████████████████████████████████████████████████████████████████████████████████████████████████████████████████████████████████████████████████████| 32/32 [00:06<00:00,  4.64it/s]
epoch 12's auc score: 0.7980 | best auc score: 0.8395
############# Starting Epoch 13 | LR: 0.0005 #############
loss: 0.22090684 | auc score: 0.9734: 100%|████████████████████████████████████████████████████████████████████████████████████████████████████████████████████████████████████████████████████████████████████████████████████████████████████████████████| 32/32 [00:06<00:00,  4.63it/s]
epoch 13's auc score: 0.8008 | best auc score: 0.8395
############# Starting Epoch 14 | LR: 0.0005 #############
loss: 0.13631205 | auc score: 0.9856: 100%|████████████████████████████████████████████████████████████████████████████████████████████████████████████████████████████████████████████████████████████████████████████████████████████████████████████████| 32/32 [00:06<00:00,  4.59it/s]
epoch 14's auc score: 0.7967 | best auc score: 0.8395
############# Starting Epoch 15 | LR: 0.0005 #############
loss: 0.12594540 | auc score: 0.9889: 100%|████████████████████████████████████████████████████████████████████████████████████████████████████████████████████████████████████████████████████████████████████████████████████████████████████████████████| 32/32 [00:07<00:00,  4.55it/s]
epoch 15's auc score: 0.7987 | best auc score: 0.8395
############# Starting Epoch 16 | LR: 0.0005 #############
loss: 0.15142277 | auc score: 0.9864: 100%|████████████████████████████████████████████████████████████████████████████████████████████████████████████████████████████████████████████████████████████████████████████████████████████████████████████████| 32/32 [00:07<00:00,  4.48it/s]
epoch 16's auc score: 0.7936 | best auc score: 0.8395
############# Starting Epoch 17 | LR: 0.0005 #############
loss: 0.16241211 | auc score: 0.9815: 100%|████████████████████████████████████████████████████████████████████████████████████████████████████████████████████████████████████████████████████████████████████████████████████████████████████████████████| 32/32 [00:06<00:00,  4.60it/s]
epoch 17's auc score: 0.7406 | best auc score: 0.8395
############# Starting Epoch 18 | LR: 0.0005 #############
loss: 0.12772952 | auc score: 0.9851: 100%|████████████████████████████████████████████████████████████████████████████████████████████████████████████████████████████████████████████████████████████████████████████████████████████████████████████████| 32/32 [00:06<00:00,  4.64it/s]
epoch 18's auc score: 0.7542 | best auc score: 0.8395
############# Starting Epoch 19 | LR: 0.0005 #############
loss: 0.05006587 | auc score: 0.9978: 100%|████████████████████████████████████████████████████████████████████████████████████████████████████████████████████████████████████████████████████████████████████████████████████████████████████████████████| 32/32 [00:06<00:00,  4.59it/s]
epoch 19's auc score: 0.7723 | best auc score: 0.8395
loading previous best model...
epoch 20's auc score: 0.8395
############# Starting Epoch 20 | LR: 5.000000000000001e-05 #############
loss: 0.30388084 | auc score: 0.9408: 100%|████████████████████████████████████████████████████████████████████████████████████████████████████████████████████████████████████████████████████████████████████████████████████████████████████████████████| 32/32 [00:06<00:00,  4.59it/s]
epoch 20's auc score: 0.8366 | best auc score: 0.8395
############# Starting Epoch 21 | LR: 5.000000000000001e-05 #############
loss: 0.23200463 | auc score: 0.9731: 100%|████████████████████████████████████████████████████████████████████████████████████████████████████████████████████████████████████████████████████████████████████████████████████████████████████████████████| 32/32 [00:06<00:00,  4.72it/s]
epoch 21's auc score: 0.8352 | best auc score: 0.8395
############# Starting Epoch 22 | LR: 5.000000000000001e-05 #############
loss: 0.33835143 | auc score: 0.9265: 100%|████████████████████████████████████████████████████████████████████████████████████████████████████████████████████████████████████████████████████████████████████████████████████████████████████████████████| 32/32 [00:07<00:00,  4.53it/s]
epoch 22's auc score: 0.8324 | best auc score: 0.8395
############# Starting Epoch 23 | LR: 5.000000000000001e-05 #############
loss: 0.23130473 | auc score: 0.9705: 100%|████████████████████████████████████████████████████████████████████████████████████████████████████████████████████████████████████████████████████████████████████████████████████████████████████████████████| 32/32 [00:07<00:00,  4.50it/s]
epoch 23's auc score: 0.8292 | best auc score: 0.8395
############# Starting Epoch 24 | LR: 5.000000000000001e-05 #############
loss: 0.24715757 | auc score: 0.9661: 100%|████████████████████████████████████████████████████████████████████████████████████████████████████████████████████████████████████████████████████████████████████████████████████████████████████████████████| 32/32 [00:06<00:00,  4.63it/s]
epoch 24's auc score: 0.8284 | best auc score: 0.8395
############# Starting Epoch 25 | LR: 5.000000000000001e-05 #############
loss: 0.26612955 | auc score: 0.9542: 100%|████████████████████████████████████████████████████████████████████████████████████████████████████████████████████████████████████████████████████████████████████████████████████████████████████████████████| 32/32 [00:05<00:00,  6.22it/s]
epoch 25's auc score: 0.8263 | best auc score: 0.8395
############# Starting Epoch 26 | LR: 5.000000000000001e-05 #############
loss: 0.23532714 | auc score: 0.9679: 100%|████████████████████████████████████████████████████████████████████████████████████████████████████████████████████████████████████████████████████████████████████████████████████████████████████████████████| 32/32 [00:03<00:00,  8.16it/s]
epoch 26's auc score: 0.8247 | best auc score: 0.8395
############# Starting Epoch 27 | LR: 5.000000000000001e-05 #############
loss: 0.30000129 | auc score: 0.9429: 100%|████████████████████████████████████████████████████████████████████████████████████████████████████████████████████████████████████████████████████████████████████████████████████████████████████████████████| 32/32 [00:03<00:00,  8.29it/s]
epoch 27's auc score: 0.8232 | best auc score: 0.8395
############# Starting Epoch 28 | LR: 5.000000000000001e-05 #############
loss: 0.22101225 | auc score: 0.9706: 100%|████████████████████████████████████████████████████████████████████████████████████████████████████████████████████████████████████████████████████████████████████████████████████████████████████████████████| 32/32 [00:04<00:00,  7.77it/s]
epoch 28's auc score: 0.8237 | best auc score: 0.8395
############# Starting Epoch 29 | LR: 5.000000000000001e-05 #############
loss: 0.29349452 | auc score: 0.9463: 100%|████████████████████████████████████████████████████████████████████████████████████████████████████████████████████████████████████████████████████████████████████████████████████████████████████████████████| 32/32 [00:03<00:00,  8.14it/s]
epoch 29's auc score: 0.8232 | best auc score: 0.8395