############# Starting Epoch 0 | LR: 0.005 #############
loss: 0.72586137 | auc score: 0.5805: 100%|████████████████████████████████████████████████████████████████████████████████████████████████████████████████████████████████████████████████████████████████████████████████████████████████████████████████| 32/32 [00:42<00:00,  1.34s/it]
Saving best model...
epoch 0's auc score: 0.4744 | best auc score: 0.4744
############# Starting Epoch 1 | LR: 0.005 #############
loss: 0.69054717 | auc score: 0.5734: 100%|████████████████████████████████████████████████████████████████████████████████████████████████████████████████████████████████████████████████████████████████████████████████████████████████████████████████| 32/32 [00:14<00:00,  2.28it/s]
Saving best model...
epoch 1's auc score: 0.5636 | best auc score: 0.5636
############# Starting Epoch 2 | LR: 0.005 #############
loss: 0.69256264 | auc score: 0.5907: 100%|████████████████████████████████████████████████████████████████████████████████████████████████████████████████████████████████████████████████████████████████████████████████████████████████████████████████| 32/32 [00:14<00:00,  2.26it/s]
Saving best model...
epoch 2's auc score: 0.5988 | best auc score: 0.5988
############# Starting Epoch 3 | LR: 0.005 #############
loss: 0.65068668 | auc score: 0.7029: 100%|████████████████████████████████████████████████████████████████████████████████████████████████████████████████████████████████████████████████████████████████████████████████████████████████████████████████| 32/32 [00:14<00:00,  2.26it/s]
Saving best model...
epoch 3's auc score: 0.7205 | best auc score: 0.7205
############# Starting Epoch 4 | LR: 0.005 #############
loss: 0.64451516 | auc score: 0.6810: 100%|████████████████████████████████████████████████████████████████████████████████████████████████████████████████████████████████████████████████████████████████████████████████████████████████████████████████| 32/32 [00:14<00:00,  2.25it/s]
epoch 4's auc score: 0.6972 | best auc score: 0.7205
############# Starting Epoch 5 | LR: 0.005 #############
loss: 0.59224296 | auc score: 0.8025: 100%|████████████████████████████████████████████████████████████████████████████████████████████████████████████████████████████████████████████████████████████████████████████████████████████████████████████████| 32/32 [00:14<00:00,  2.28it/s]
Saving best model...
epoch 5's auc score: 0.7489 | best auc score: 0.7489
############# Starting Epoch 6 | LR: 0.005 #############
loss: 0.57826573 | auc score: 0.7551: 100%|████████████████████████████████████████████████████████████████████████████████████████████████████████████████████████████████████████████████████████████████████████████████████████████████████████████████| 32/32 [00:13<00:00,  2.29it/s]
epoch 6's auc score: 0.7399 | best auc score: 0.7489
############# Starting Epoch 7 | LR: 0.005 #############
loss: 0.50977534 | auc score: 0.8437: 100%|████████████████████████████████████████████████████████████████████████████████████████████████████████████████████████████████████████████████████████████████████████████████████████████████████████████████| 32/32 [00:13<00:00,  2.30it/s]
Saving best model...
epoch 7's auc score: 0.8496 | best auc score: 0.8496
############# Starting Epoch 8 | LR: 0.005 #############
loss: 0.43499160 | auc score: 0.8793: 100%|████████████████████████████████████████████████████████████████████████████████████████████████████████████████████████████████████████████████████████████████████████████████████████████████████████████████| 32/32 [00:09<00:00,  3.38it/s]
epoch 8's auc score: 0.8477 | best auc score: 0.8496
############# Starting Epoch 9 | LR: 0.005 #############
loss: 0.38133529 | auc score: 0.9158: 100%|████████████████████████████████████████████████████████████████████████████████████████████████████████████████████████████████████████████████████████████████████████████████████████████████████████████████| 32/32 [00:06<00:00,  4.87it/s]
epoch 9's auc score: 0.8324 | best auc score: 0.8496
loading previous best model...
epoch 10's auc score: 0.8496
############# Starting Epoch 10 | LR: 0.0005 #############
loss: 0.46882206 | auc score: 0.8527: 100%|████████████████████████████████████████████████████████████████████████████████████████████████████████████████████████████████████████████████████████████████████████████████████████████████████████████████| 32/32 [00:06<00:00,  4.83it/s]
epoch 10's auc score: 0.8192 | best auc score: 0.8496
############# Starting Epoch 11 | LR: 0.0005 #############
loss: 0.49691826 | auc score: 0.8357: 100%|████████████████████████████████████████████████████████████████████████████████████████████████████████████████████████████████████████████████████████████████████████████████████████████████████████████████| 32/32 [00:06<00:00,  4.87it/s]
epoch 11's auc score: 0.8192 | best auc score: 0.8496
############# Starting Epoch 12 | LR: 0.0005 #############
loss: 0.46536446 | auc score: 0.8528: 100%|████████████████████████████████████████████████████████████████████████████████████████████████████████████████████████████████████████████████████████████████████████████████████████████████████████████████| 32/32 [00:06<00:00,  4.83it/s]
epoch 12's auc score: 0.8241 | best auc score: 0.8496
############# Starting Epoch 13 | LR: 0.0005 #############
loss: 0.43027025 | auc score: 0.8778: 100%|████████████████████████████████████████████████████████████████████████████████████████████████████████████████████████████████████████████████████████████████████████████████████████████████████████████████| 32/32 [00:06<00:00,  4.89it/s]
epoch 13's auc score: 0.8308 | best auc score: 0.8496
############# Starting Epoch 14 | LR: 0.0005 #############
loss: 0.42466408 | auc score: 0.8807: 100%|████████████████████████████████████████████████████████████████████████████████████████████████████████████████████████████████████████████████████████████████████████████████████████████████████████████████| 32/32 [00:06<00:00,  4.83it/s]
epoch 14's auc score: 0.8360 | best auc score: 0.8496
############# Starting Epoch 15 | LR: 0.0005 #############
loss: 0.47700477 | auc score: 0.8525: 100%|████████████████████████████████████████████████████████████████████████████████████████████████████████████████████████████████████████████████████████████████████████████████████████████████████████████████| 32/32 [00:07<00:00,  4.54it/s]
epoch 15's auc score: 0.8288 | best auc score: 0.8496
############# Starting Epoch 16 | LR: 0.0005 #############
loss: 0.42836544 | auc score: 0.8854: 100%|████████████████████████████████████████████████████████████████████████████████████████████████████████████████████████████████████████████████████████████████████████████████████████████████████████████████| 32/32 [00:06<00:00,  4.83it/s]
epoch 16's auc score: 0.8348 | best auc score: 0.8496
############# Starting Epoch 17 | LR: 0.0005 #############
loss: 0.41267547 | auc score: 0.8879: 100%|████████████████████████████████████████████████████████████████████████████████████████████████████████████████████████████████████████████████████████████████████████████████████████████████████████████████| 32/32 [00:06<00:00,  4.88it/s]
epoch 17's auc score: 0.8255 | best auc score: 0.8496
############# Starting Epoch 18 | LR: 0.0005 #############
loss: 0.38301024 | auc score: 0.9091: 100%|████████████████████████████████████████████████████████████████████████████████████████████████████████████████████████████████████████████████████████████████████████████████████████████████████████████████| 32/32 [00:06<00:00,  4.84it/s]
epoch 18's auc score: 0.8388 | best auc score: 0.8496
############# Starting Epoch 19 | LR: 0.0005 #############
loss: 0.37662148 | auc score: 0.9152: 100%|████████████████████████████████████████████████████████████████████████████████████████████████████████████████████████████████████████████████████████████████████████████████████████████████████████████████| 32/32 [00:06<00:00,  4.80it/s]
epoch 19's auc score: 0.8296 | best auc score: 0.8496
loading previous best model...
epoch 20's auc score: 0.8496
############# Starting Epoch 20 | LR: 5.000000000000001e-05 #############
loss: 0.41363749 | auc score: 0.8931: 100%|████████████████████████████████████████████████████████████████████████████████████████████████████████████████████████████████████████████████████████████████████████████████████████████████████████████████| 32/32 [00:06<00:00,  4.85it/s]
epoch 20's auc score: 0.8210 | best auc score: 0.8496
############# Starting Epoch 21 | LR: 5.000000000000001e-05 #############
loss: 0.44373363 | auc score: 0.8733: 100%|████████████████████████████████████████████████████████████████████████████████████████████████████████████████████████████████████████████████████████████████████████████████████████████████████████████████| 32/32 [00:10<00:00,  3.12it/s]
epoch 21's auc score: 0.8259 | best auc score: 0.8496
############# Starting Epoch 22 | LR: 5.000000000000001e-05 #############
loss: 0.45069781 | auc score: 0.8584: 100%|████████████████████████████████████████████████████████████████████████████████████████████████████████████████████████████████████████████████████████████████████████████████████████████████████████████████| 32/32 [00:13<00:00,  2.31it/s]
epoch 22's auc score: 0.8256 | best auc score: 0.8496
############# Starting Epoch 23 | LR: 5.000000000000001e-05 #############
loss: 0.45683852 | auc score: 0.8629: 100%|████████████████████████████████████████████████████████████████████████████████████████████████████████████████████████████████████████████████████████████████████████████████████████████████████████████████| 32/32 [00:13<00:00,  2.29it/s]
epoch 23's auc score: 0.8328 | best auc score: 0.8496
############# Starting Epoch 24 | LR: 5.000000000000001e-05 #############
loss: 0.45361161 | auc score: 0.8724: 100%|████████████████████████████████████████████████████████████████████████████████████████████████████████████████████████████████████████████████████████████████████████████████████████████████████████████████| 32/32 [00:13<00:00,  2.30it/s]
epoch 24's auc score: 0.8343 | best auc score: 0.8496
############# Starting Epoch 25 | LR: 5.000000000000001e-05 #############
loss: 0.59588510 | auc score: 0.7620: 100%|████████████████████████████████████████████████████████████████████████████████████████████████████████████████████████████████████████████████████████████████████████████████████████████████████████████████| 32/32 [00:13<00:00,  2.30it/s]
epoch 25's auc score: 0.8276 | best auc score: 0.8496
############# Starting Epoch 26 | LR: 5.000000000000001e-05 #############
loss: 0.42232659 | auc score: 0.8819: 100%|████████████████████████████████████████████████████████████████████████████████████████████████████████████████████████████████████████████████████████████████████████████████████████████████████████████████| 32/32 [00:14<00:00,  2.27it/s]
epoch 26's auc score: 0.8367 | best auc score: 0.8496
############# Starting Epoch 27 | LR: 5.000000000000001e-05 #############
loss: 0.45271233 | auc score: 0.8664: 100%|████████████████████████████████████████████████████████████████████████████████████████████████████████████████████████████████████████████████████████████████████████████████████████████████████████████████| 32/32 [00:14<00:00,  2.27it/s]
epoch 27's auc score: 0.8297 | best auc score: 0.8496
############# Starting Epoch 28 | LR: 5.000000000000001e-05 #############
loss: 0.47822174 | auc score: 0.8510: 100%|████████████████████████████████████████████████████████████████████████████████████████████████████████████████████████████████████████████████████████████████████████████████████████████████████████████████| 32/32 [00:14<00:00,  2.28it/s]
epoch 28's auc score: 0.8248 | best auc score: 0.8496
############# Starting Epoch 29 | LR: 5.000000000000001e-05 #############
loss: 0.50204748 | auc score: 0.8313: 100%|████████████████████████████████████████████████████████████████████████████████████████████████████████████████████████████████████████████████████████████████████████████████████████████████████████████████| 32/32 [00:14<00:00,  2.27it/s]
epoch 29's auc score: 0.8283 | best auc score: 0.8496