############# Starting Epoch 0 | LR: 0.005 #############
loss: 0.46303862 | auc score: 0.8649: 100%|████████████████████████████████████████████████████████████████████████████████████████████████████████████████████████████████████████████████████████████████████████████████████████████████████████████████| 32/32 [00:37<00:00,  1.16s/it]
Saving best model...
epoch 0's auc score: 0.5654 | best auc score: 0.5654
############# Starting Epoch 1 | LR: 0.005 #############
loss: 0.41576955 | auc score: 0.8969: 100%|████████████████████████████████████████████████████████████████████████████████████████████████████████████████████████████████████████████████████████████████████████████████████████████████████████████████| 32/32 [00:08<00:00,  3.61it/s]
Saving best model...
epoch 1's auc score: 0.6939 | best auc score: 0.6939
############# Starting Epoch 2 | LR: 0.005 #############
loss: 0.35168150 | auc score: 0.9184: 100%|████████████████████████████████████████████████████████████████████████████████████████████████████████████████████████████████████████████████████████████████████████████████████████████████████████████████| 32/32 [00:08<00:00,  3.66it/s]
Saving best model...
epoch 2's auc score: 0.7865 | best auc score: 0.7865
############# Starting Epoch 3 | LR: 0.005 #############
loss: 0.26232767 | auc score: 0.9600: 100%|████████████████████████████████████████████████████████████████████████████████████████████████████████████████████████████████████████████████████████████████████████████████████████████████████████████████| 32/32 [00:08<00:00,  3.63it/s]
Saving best model...
epoch 3's auc score: 0.8288 | best auc score: 0.8288
############# Starting Epoch 4 | LR: 0.005 #############
loss: 0.24032028 | auc score: 0.9667: 100%|████████████████████████████████████████████████████████████████████████████████████████████████████████████████████████████████████████████████████████████████████████████████████████████████████████████████| 32/32 [00:08<00:00,  3.65it/s]
epoch 4's auc score: 0.7936 | best auc score: 0.8288
############# Starting Epoch 5 | LR: 0.005 #############
loss: 0.29646951 | auc score: 0.9376: 100%|████████████████████████████████████████████████████████████████████████████████████████████████████████████████████████████████████████████████████████████████████████████████████████████████████████████████| 32/32 [00:08<00:00,  3.68it/s]
epoch 5's auc score: 0.6128 | best auc score: 0.8288
############# Starting Epoch 6 | LR: 0.005 #############
loss: 0.23956425 | auc score: 0.9564: 100%|████████████████████████████████████████████████████████████████████████████████████████████████████████████████████████████████████████████████████████████████████████████████████████████████████████████████| 32/32 [00:08<00:00,  3.63it/s]
epoch 6's auc score: 0.7773 | best auc score: 0.8288
############# Starting Epoch 7 | LR: 0.005 #############
loss: 0.18267886 | auc score: 0.9733: 100%|████████████████████████████████████████████████████████████████████████████████████████████████████████████████████████████████████████████████████████████████████████████████████████████████████████████████| 32/32 [00:08<00:00,  3.64it/s]
epoch 7's auc score: 0.7320 | best auc score: 0.8288
############# Starting Epoch 8 | LR: 0.005 #############
loss: 0.16792633 | auc score: 0.9827: 100%|████████████████████████████████████████████████████████████████████████████████████████████████████████████████████████████████████████████████████████████████████████████████████████████████████████████████| 32/32 [00:08<00:00,  3.70it/s]
epoch 8's auc score: 0.7783 | best auc score: 0.8288
############# Starting Epoch 9 | LR: 0.005 #############
loss: 0.10658647 | auc score: 0.9943: 100%|████████████████████████████████████████████████████████████████████████████████████████████████████████████████████████████████████████████████████████████████████████████████████████████████████████████████| 32/32 [00:08<00:00,  3.65it/s]
epoch 9's auc score: 0.7888 | best auc score: 0.8288
loading previous best model...
epoch 10's auc score: 0.8288
############# Starting Epoch 10 | LR: 0.0005 #############
loss: 0.22961563 | auc score: 0.9682: 100%|████████████████████████████████████████████████████████████████████████████████████████████████████████████████████████████████████████████████████████████████████████████████████████████████████████████████| 32/32 [00:08<00:00,  3.67it/s]
epoch 10's auc score: 0.8255 | best auc score: 0.8288
############# Starting Epoch 11 | LR: 0.0005 #############
loss: 0.19807507 | auc score: 0.9745: 100%|████████████████████████████████████████████████████████████████████████████████████████████████████████████████████████████████████████████████████████████████████████████████████████████████████████████████| 32/32 [00:08<00:00,  3.66it/s]
epoch 11's auc score: 0.7904 | best auc score: 0.8288
############# Starting Epoch 12 | LR: 0.0005 #############
loss: 0.20935178 | auc score: 0.9706: 100%|████████████████████████████████████████████████████████████████████████████████████████████████████████████████████████████████████████████████████████████████████████████████████████████████████████████████| 32/32 [00:08<00:00,  3.73it/s]
epoch 12's auc score: 0.8133 | best auc score: 0.8288
############# Starting Epoch 13 | LR: 0.0005 #############
loss: 0.23091646 | auc score: 0.9632: 100%|████████████████████████████████████████████████████████████████████████████████████████████████████████████████████████████████████████████████████████████████████████████████████████████████████████████████| 32/32 [00:04<00:00,  7.72it/s]
epoch 13's auc score: 0.7801 | best auc score: 0.8288
############# Starting Epoch 14 | LR: 0.0005 #############
loss: 0.12792026 | auc score: 0.9908: 100%|████████████████████████████████████████████████████████████████████████████████████████████████████████████████████████████████████████████████████████████████████████████████████████████████████████████████| 32/32 [00:03<00:00,  8.09it/s]
epoch 14's auc score: 0.7901 | best auc score: 0.8288
############# Starting Epoch 15 | LR: 0.0005 #############
loss: 0.13525596 | auc score: 0.9856: 100%|████████████████████████████████████████████████████████████████████████████████████████████████████████████████████████████████████████████████████████████████████████████████████████████████████████████████| 32/32 [00:04<00:00,  7.91it/s]
epoch 15's auc score: 0.7896 | best auc score: 0.8288
############# Starting Epoch 16 | LR: 0.0005 #############
loss: 0.10957728 | auc score: 0.9901: 100%|████████████████████████████████████████████████████████████████████████████████████████████████████████████████████████████████████████████████████████████████████████████████████████████████████████████████| 32/32 [00:04<00:00,  7.81it/s]
epoch 16's auc score: 0.7857 | best auc score: 0.8288
############# Starting Epoch 17 | LR: 0.0005 #############
loss: 0.06572480 | auc score: 0.9967: 100%|████████████████████████████████████████████████████████████████████████████████████████████████████████████████████████████████████████████████████████████████████████████████████████████████████████████████| 32/32 [00:04<00:00,  7.99it/s]
epoch 17's auc score: 0.7682 | best auc score: 0.8288
############# Starting Epoch 18 | LR: 0.0005 #############
loss: 0.13666427 | auc score: 0.9910: 100%|████████████████████████████████████████████████████████████████████████████████████████████████████████████████████████████████████████████████████████████████████████████████████████████████████████████████| 32/32 [00:04<00:00,  7.84it/s]
epoch 18's auc score: 0.7624 | best auc score: 0.8288
############# Starting Epoch 19 | LR: 0.0005 #############
loss: 0.07516854 | auc score: 0.9905: 100%|████████████████████████████████████████████████████████████████████████████████████████████████████████████████████████████████████████████████████████████████████████████████████████████████████████████████| 32/32 [00:03<00:00,  8.10it/s]
epoch 19's auc score: 0.7725 | best auc score: 0.8288
loading previous best model...
epoch 20's auc score: 0.8288
############# Starting Epoch 20 | LR: 5.000000000000001e-05 #############
loss: 0.22098076 | auc score: 0.9714: 100%|████████████████████████████████████████████████████████████████████████████████████████████████████████████████████████████████████████████████████████████████████████████████████████████████████████████████| 32/32 [00:03<00:00,  8.11it/s]
Saving best model...
epoch 20's auc score: 0.8322 | best auc score: 0.8322
############# Starting Epoch 21 | LR: 5.000000000000001e-05 #############
loss: 0.22675112 | auc score: 0.9709: 100%|████████████████████████████████████████████████████████████████████████████████████████████████████████████████████████████████████████████████████████████████████████████████████████████████████████████████| 32/32 [00:04<00:00,  7.77it/s]
epoch 21's auc score: 0.8312 | best auc score: 0.8322
############# Starting Epoch 22 | LR: 5.000000000000001e-05 #############
loss: 0.23728828 | auc score: 0.9649: 100%|████████████████████████████████████████████████████████████████████████████████████████████████████████████████████████████████████████████████████████████████████████████████████████████████████████████████| 32/32 [00:04<00:00,  8.00it/s]
epoch 22's auc score: 0.8275 | best auc score: 0.8322
############# Starting Epoch 23 | LR: 5.000000000000001e-05 #############
loss: 0.22724324 | auc score: 0.9678: 100%|████████████████████████████████████████████████████████████████████████████████████████████████████████████████████████████████████████████████████████████████████████████████████████████████████████████████| 32/32 [00:04<00:00,  7.94it/s]
epoch 23's auc score: 0.8220 | best auc score: 0.8322
############# Starting Epoch 24 | LR: 5.000000000000001e-05 #############
loss: 0.21920949 | auc score: 0.9696: 100%|████████████████████████████████████████████████████████████████████████████████████████████████████████████████████████████████████████████████████████████████████████████████████████████████████████████████| 32/32 [00:03<00:00,  8.08it/s]
epoch 24's auc score: 0.8220 | best auc score: 0.8322
############# Starting Epoch 25 | LR: 5.000000000000001e-05 #############
loss: 0.18630540 | auc score: 0.9806: 100%|████████████████████████████████████████████████████████████████████████████████████████████████████████████████████████████████████████████████████████████████████████████████████████████████████████████████| 32/32 [00:04<00:00,  7.89it/s]
epoch 25's auc score: 0.8218 | best auc score: 0.8322
############# Starting Epoch 26 | LR: 5.000000000000001e-05 #############
loss: 0.29561305 | auc score: 0.9398: 100%|████████████████████████████████████████████████████████████████████████████████████████████████████████████████████████████████████████████████████████████████████████████████████████████████████████████████| 32/32 [00:03<00:00,  8.08it/s]
epoch 26's auc score: 0.8172 | best auc score: 0.8322
############# Starting Epoch 27 | LR: 5.000000000000001e-05 #############
loss: 0.21716088 | auc score: 0.9732: 100%|████████████████████████████████████████████████████████████████████████████████████████████████████████████████████████████████████████████████████████████████████████████████████████████████████████████████| 32/32 [00:07<00:00,  4.27it/s]
epoch 27's auc score: 0.8177 | best auc score: 0.8322
############# Starting Epoch 28 | LR: 5.000000000000001e-05 #############
loss: 0.28929877 | auc score: 0.9409: 100%|████████████████████████████████████████████████████████████████████████████████████████████████████████████████████████████████████████████████████████████████████████████████████████████████████████████████| 32/32 [00:07<00:00,  4.47it/s]
epoch 28's auc score: 0.8133 | best auc score: 0.8322
############# Starting Epoch 29 | LR: 5.000000000000001e-05 #############
loss: 0.19011776 | auc score: 0.9765: 100%|████████████████████████████████████████████████████████████████████████████████████████████████████████████████████████████████████████████████████████████████████████████████████████████████████████████████| 32/32 [00:04<00:00,  6.68it/s]
epoch 29's auc score: 0.8162 | best auc score: 0.8322